<?xml version="1.0" encoding="UTF-8"?>
<testng-results ignored="0" total="0" passed="0" failed="0" skipped="0">
  <reporter-output>
  </reporter-output>
  <suite started-at="2025-01-07T22:27:13 IST" name="All Test Suite" finished-at="2025-01-07T22:27:13 IST" duration-ms="20">
    <groups>
    </groups>
    <test started-at="2025-01-07T22:27:13 IST" name="D:/Softwae Testing ccjuly2024/selenium/actitime-automation/test_output" finished-at="2025-01-07T22:27:13 IST" duration-ms="20">
    </test> <!-- D:/Softwae Testing ccjuly2024/selenium/actitime-automation/test_output -->
  </suite> <!-- All Test Suite -->
</testng-results>
