<?xml version="1.0" encoding="UTF-8"?>
<testng-results ignored="0" total="5" passed="5" failed="0" skipped="0">
  <reporter-output>
  </reporter-output>
  <suite started-at="2025-02-05T16:20:18 IST" name="All Test Suite" finished-at="2025-02-05T16:21:03 IST" duration-ms="45256">
    <groups>
    </groups>
    <test started-at="2025-02-05T16:20:18 IST" name="D:/Softwae Testing ccjuly2024/selenium/actitime-automation/src/test/java/com/actitime_automation/jan_08_2025/ParaEx1.java" finished-at="2025-02-05T16:21:03 IST" duration-ms="45256">
      <class name="com.actitime_automation.jan_08_2025.ParaEx3">
        <test-method signature="googleEx()[pri:0, instance:com.actitime_automation.jan_08_2025.ParaEx3@4f638935]" started-at="2025-02-05T16:20:57 IST" name="googleEx" finished-at="2025-02-05T16:21:03 IST" duration-ms="6396" status="PASS">
          <reporter-output>
          </reporter-output>
        </test-method> <!-- googleEx -->
      </class> <!-- com.actitime_automation.jan_08_2025.ParaEx3 -->
      <class name="com.actitime_automation.jan_08_2025.ParaEx2">
        <test-method signature="facebookEx()[pri:0, instance:com.actitime_automation.jan_08_2025.ParaEx2@1460a8c0]" started-at="2025-02-05T16:20:38 IST" name="facebookEx" finished-at="2025-02-05T16:20:46 IST" duration-ms="8726" status="PASS">
          <reporter-output>
          </reporter-output>
        </test-method> <!-- facebookEx -->
        <test-method signature="googleEx()[pri:0, instance:com.actitime_automation.jan_08_2025.ParaEx2@1460a8c0]" started-at="2025-02-05T16:20:46 IST" name="googleEx" finished-at="2025-02-05T16:20:57 IST" duration-ms="10669" status="PASS">
          <reporter-output>
          </reporter-output>
        </test-method> <!-- googleEx -->
      </class> <!-- com.actitime_automation.jan_08_2025.ParaEx2 -->
      <class name="com.actitime_automation.jan_08_2025.ParaEx1">
        <test-method signature="facebookEx()[pri:0, instance:com.actitime_automation.jan_08_2025.ParaEx1@a4102b8]" started-at="2025-02-05T16:20:18 IST" name="facebookEx" finished-at="2025-02-05T16:20:29 IST" duration-ms="10669" status="PASS">
          <reporter-output>
          </reporter-output>
        </test-method> <!-- facebookEx -->
        <test-method signature="googleEx()[pri:0, instance:com.actitime_automation.jan_08_2025.ParaEx1@a4102b8]" started-at="2025-02-05T16:20:29 IST" name="googleEx" finished-at="2025-02-05T16:20:38 IST" duration-ms="8764" status="PASS">
          <reporter-output>
          </reporter-output>
        </test-method> <!-- googleEx -->
      </class> <!-- com.actitime_automation.jan_08_2025.ParaEx1 -->
    </test> <!-- D:/Softwae Testing ccjuly2024/selenium/actitime-automation/src/test/java/com/actitime_automation/jan_08_2025/ParaEx1.java -->
  </suite> <!-- All Test Suite -->
</testng-results>
