<?xml version="1.0" encoding="UTF-8"?>
<!-- Generated by org.testng.reporters.JUnitXMLReporter -->
<testsuite ignored="0" hostname="DESKTOP-DJNFK38" failures="0" tests="3" name="AccountsEx1.java" time="0.08" errors="0" timestamp="2025-02-02T19:43:08 IST">
  <testcase classname="com.actitime_automation.jan_04_2025.AccountsEx1" name="addAccount" time="0.0"/>
  <testcase classname="com.actitime_automation.jan_04_2025.AccountsEx1" name="deleteAccount" time="0.0"/>
  <testcase classname="com.actitime_automation.jan_04_2025.AccountsEx1" name="updateAccount" time="0.002"/>
</testsuite> <!-- AccountsEx1.java -->
