<?xml version="1.0" encoding="UTF-8"?>
<!-- Generated by org.testng.reporters.JUnitXMLReporter -->
<testsuite ignored="0" hostname="DESKTOP-DJNFK38" failures="0" tests="6" name="Smoke test cases" time="0.067" errors="0" timestamp="2025-02-02T20:20:48 IST">
  <testcase classname="com.actitime_automation.jan_04_2025.AccountsEx1" name="addAccount" time="0.0"/>
  <testcase classname="com.actitime_automation.jan_04_2025.AccountsEx1" name="updateAccount" time="0.0"/>
  <testcase classname="com.actitime_automation.jan_04_2025.AccountsEx1" name="deleteAccount" time="0.016"/>
  <testcase classname="com.actitime_automation.jan_04_2025.UserEx1" name="addUser" time="0.0"/>
  <testcase classname="com.actitime_automation.jan_04_2025.UserEx1" name="updateUser" time="0.0"/>
  <testcase classname="com.actitime_automation.jan_04_2025.UserEx1" name="deleteUser" time="0.0"/>
</testsuite> <!-- Smoke test cases -->
